[2021-03-17 16:39:39.419] [renderer1] [error] <semantic> TypeScript Server Error (4.2.3)
Debug Failure. Did not expect JsxSelfClosingElement to have an Identifier in its trivia
Error: Debug Failure. Did not expect JsxSelfClosingElement to have an Identifier in its trivia
    at addSyntheticNodes (/snap/code/59/usr/share/code/resources/app/extensions/node_modules/typescript/lib/tsserver.js:148121:30)
    at createChildren (/snap/code/59/usr/share/code/resources/app/extensions/node_modules/typescript/lib/tsserver.js:148110:9)
    at NodeObject.getChildren (/snap/code/59/usr/share/code/resources/app/extensions/node_modules/typescript/lib/tsserver.js:148054:56)
    at getTokenAtPositionWorker (/snap/code/59/usr/share/code/resources/app/extensions/node_modules/typescript/lib/tsserver.js:115852:43)
    at getTouchingToken (/snap/code/59/usr/share/code/resources/app/extensions/node_modules/typescript/lib/tsserver.js:115839:16)
    at Object.getTouchingPropertyName (/snap/code/59/usr/share/code/resources/app/extensions/node_modules/typescript/lib/tsserver.js:115831:16)
    at Proxy.getQuickInfoAtPosition (/snap/code/59/usr/share/code/resources/app/extensions/node_modules/typescript/lib/tsserver.js:149250:27)
    at IOSession.Session.getQuickInfoWorker (/snap/code/59/usr/share/code/resources/app/extensions/node_modules/typescript/lib/tsserver.js:160226:62)
    at Session.handlers.ts.Map.ts.getEntries._a.<computed> (/snap/code/59/usr/share/code/resources/app/extensions/node_modules/typescript/lib/tsserver.js:159154:61)
    at /snap/code/59/usr/share/code/resources/app/extensions/node_modules/typescript/lib/tsserver.js:160963:88
    at IOSession.Session.executeWithRequestId (/snap/code/59/usr/share/code/resources/app/extensions/node_modules/typescript/lib/tsserver.js:160954:28)
    at IOSession.Session.executeCommand (/snap/code/59/usr/share/code/resources/app/extensions/node_modules/typescript/lib/tsserver.js:160963:33)
    at IOSession.Session.onMessage (/snap/code/59/usr/share/code/resources/app/extensions/node_modules/typescript/lib/tsserver.js:160989:35)
    at Interface.<anonymous> (/snap/code/59/usr/share/code/resources/app/extensions/node_modules/typescript/lib/tsserver.js:163650:31)
    at Interface.emit (events.js:315:20)
    at Interface._onLine (readline.js:329:10)
    at Interface._normalWrite (readline.js:474:12)
    at Socket.ondata (readline.js:186:10)
    at Socket.emit (events.js:315:20)
    at addChunk (_stream_readable.js:295:12)
    at readableAddChunk (_stream_readable.js:271:9)
    at Socket.Readable.push (_stream_readable.js:212:10)
    at Pipe.onStreamRead (internal/stream_base_commons.js:186:23): Error: <semantic> TypeScript Server Error (4.2.3)
Debug Failure. Did not expect JsxSelfClosingElement to have an Identifier in its trivia
Error: Debug Failure. Did not expect JsxSelfClosingElement to have an Identifier in its trivia
    at addSyntheticNodes (/snap/code/59/usr/share/code/resources/app/extensions/node_modules/typescript/lib/tsserver.js:148121:30)
    at createChildren (/snap/code/59/usr/share/code/resources/app/extensions/node_modules/typescript/lib/tsserver.js:148110:9)
    at NodeObject.getChildren (/snap/code/59/usr/share/code/resources/app/extensions/node_modules/typescript/lib/tsserver.js:148054:56)
    at getTokenAtPositionWorker (/snap/code/59/usr/share/code/resources/app/extensions/node_modules/typescript/lib/tsserver.js:115852:43)
    at getTouchingToken (/snap/code/59/usr/share/code/resources/app/extensions/node_modules/typescript/lib/tsserver.js:115839:16)
    at Object.getTouchingPropertyName (/snap/code/59/usr/share/code/resources/app/extensions/node_modules/typescript/lib/tsserver.js:115831:16)
    at Proxy.getQuickInfoAtPosition (/snap/code/59/usr/share/code/resources/app/extensions/node_modules/typescript/lib/tsserver.js:149250:27)
    at IOSession.Session.getQuickInfoWorker (/snap/code/59/usr/share/code/resources/app/extensions/node_modules/typescript/lib/tsserver.js:160226:62)
    at Session.handlers.ts.Map.ts.getEntries._a.<computed> (/snap/code/59/usr/share/code/resources/app/extensions/node_modules/typescript/lib/tsserver.js:159154:61)
    at /snap/code/59/usr/share/code/resources/app/extensions/node_modules/typescript/lib/tsserver.js:160963:88
    at IOSession.Session.executeWithRequestId (/snap/code/59/usr/share/code/resources/app/extensions/node_modules/typescript/lib/tsserver.js:160954:28)
    at IOSession.Session.executeCommand (/snap/code/59/usr/share/code/resources/app/extensions/node_modules/typescript/lib/tsserver.js:160963:33)
    at IOSession.Session.onMessage (/snap/code/59/usr/share/code/resources/app/extensions/node_modules/typescript/lib/tsserver.js:160989:35)
    at Interface.<anonymous> (/snap/code/59/usr/share/code/resources/app/extensions/node_modules/typescript/lib/tsserver.js:163650:31)
    at Interface.emit (events.js:315:20)
    at Interface._onLine (readline.js:329:10)
    at Interface._normalWrite (readline.js:474:12)
    at Socket.ondata (readline.js:186:10)
    at Socket.emit (events.js:315:20)
    at addChunk (_stream_readable.js:295:12)
    at readableAddChunk (_stream_readable.js:271:9)
    at Socket.Readable.push (_stream_readable.js:212:10)
    at Pipe.onStreamRead (internal/stream_base_commons.js:186:23)
	at Function.create (/snap/code/59/usr/share/code/resources/app/extensions/typescript-language-features/dist/extension.js:1:53151)
	at p.dispatchResponse (/snap/code/59/usr/share/code/resources/app/extensions/typescript-language-features/dist/extension.js:1:47026)
	at p.dispatchMessage (/snap/code/59/usr/share/code/resources/app/extensions/typescript-language-features/dist/extension.js:1:45885)
	at /snap/code/59/usr/share/code/resources/app/extensions/typescript-language-features/dist/extension.js:1:45395
	at g.fire (/snap/code/59/usr/share/code/resources/app/out/vs/workbench/services/extensions/node/extensionHostProcess.js:57:1836)
	at g.onLengthData (/snap/code/59/usr/share/code/resources/app/extensions/typescript-language-features/dist/extension.js:45:60030)
	at Socket.<anonymous> (/snap/code/59/usr/share/code/resources/app/extensions/typescript-language-features/dist/extension.js:45:59678)
	at Socket.emit (events.js:315:20)
	at addChunk (_stream_readable.js:295:12)
	at readableAddChunk (_stream_readable.js:271:9)
	at Socket.Readable.push (_stream_readable.js:212:10)
	at Pipe.onStreamRead (internal/stream_base_commons.js:186:23)
[2021-03-17 16:39:39.548] [renderer1] [error] <semantic> TypeScript Server Error (4.2.3)
Debug Failure. Did not expect JsxSelfClosingElement to have an Identifier in its trivia
Error: Debug Failure. Did not expect JsxSelfClosingElement to have an Identifier in its trivia
    at addSyntheticNodes (/snap/code/59/usr/share/code/resources/app/extensions/node_modules/typescript/lib/tsserver.js:148121:30)
    at createChildren (/snap/code/59/usr/share/code/resources/app/extensions/node_modules/typescript/lib/tsserver.js:148110:9)
    at NodeObject.getChildren (/snap/code/59/usr/share/code/resources/app/extensions/node_modules/typescript/lib/tsserver.js:148054:56)
    at getTokenAtPositionWorker (/snap/code/59/usr/share/code/resources/app/extensions/node_modules/typescript/lib/tsserver.js:115852:43)
    at Object.getTokenAtPosition (/snap/code/59/usr/share/code/resources/app/extensions/node_modules/typescript/lib/tsserver.js:115844:16)
    at getInfo (/snap/code/59/usr/share/code/resources/app/extensions/node_modules/typescript/lib/tsserver.js:143211:27)
    at Object.getCodeActions (/snap/code/59/usr/share/code/resources/app/extensions/node_modules/typescript/lib/tsserver.js:143196:28)
    at /snap/code/59/usr/share/code/resources/app/extensions/node_modules/typescript/lib/tsserver.js:135491:77
    at Object.flatMap (/snap/code/59/usr/share/code/resources/app/extensions/node_modules/typescript/lib/tsserver.js:515:25)
    at Object.getFixes (/snap/code/59/usr/share/code/resources/app/extensions/node_modules/typescript/lib/tsserver.js:135491:23)
    at /snap/code/59/usr/share/code/resources/app/extensions/node_modules/typescript/lib/tsserver.js:149557:35
    at Object.flatMap (/snap/code/59/usr/share/code/resources/app/extensions/node_modules/typescript/lib/tsserver.js:515:25)
    at Proxy.getCodeFixesAtPosition (/snap/code/59/usr/share/code/resources/app/extensions/node_modules/typescript/lib/tsserver.js:149555:23)
    at IOSession.Session.getCodeFixes (/snap/code/59/usr/share/code/resources/app/extensions/node_modules/typescript/lib/tsserver.js:160663:64)
    at Session.handlers.ts.Map.ts.getEntries._a.<computed> (/snap/code/59/usr/share/code/resources/app/extensions/node_modules/typescript/lib/tsserver.js:159335:61)
    at /snap/code/59/usr/share/code/resources/app/extensions/node_modules/typescript/lib/tsserver.js:160963:88
    at IOSession.Session.executeWithRequestId (/snap/code/59/usr/share/code/resources/app/extensions/node_modules/typescript/lib/tsserver.js:160954:28)
    at IOSession.Session.executeCommand (/snap/code/59/usr/share/code/resources/app/extensions/node_modules/typescript/lib/tsserver.js:160963:33)
    at IOSession.Session.onMessage (/snap/code/59/usr/share/code/resources/app/extensions/node_modules/typescript/lib/tsserver.js:160989:35)
    at Interface.<anonymous> (/snap/code/59/usr/share/code/resources/app/extensions/node_modules/typescript/lib/tsserver.js:163650:31)
    at Interface.emit (events.js:315:20)
    at Interface._onLine (readline.js:329:10)
    at Interface._normalWrite (readline.js:474:12)
    at Socket.ondata (readline.js:186:10)
    at Socket.emit (events.js:315:20)
    at addChunk (_stream_readable.js:295:12)
    at readableAddChunk (_stream_readable.js:271:9)
    at Socket.Readable.push (_stream_readable.js:212:10)
    at Pipe.onStreamRead (internal/stream_base_commons.js:186:23): Error: <semantic> TypeScript Server Error (4.2.3)
Debug Failure. Did not expect JsxSelfClosingElement to have an Identifier in its trivia
Error: Debug Failure. Did not expect JsxSelfClosingElement to have an Identifier in its trivia
    at addSyntheticNodes (/snap/code/59/usr/share/code/resources/app/extensions/node_modules/typescript/lib/tsserver.js:148121:30)
    at createChildren (/snap/code/59/usr/share/code/resources/app/extensions/node_modules/typescript/lib/tsserver.js:148110:9)
    at NodeObject.getChildren (/snap/code/59/usr/share/code/resources/app/extensions/node_modules/typescript/lib/tsserver.js:148054:56)
    at getTokenAtPositionWorker (/snap/code/59/usr/share/code/resources/app/extensions/node_modules/typescript/lib/tsserver.js:115852:43)
    at Object.getTokenAtPosition (/snap/code/59/usr/share/code/resources/app/extensions/node_modules/typescript/lib/tsserver.js:115844:16)
    at getInfo (/snap/code/59/usr/share/code/resources/app/extensions/node_modules/typescript/lib/tsserver.js:143211:27)
    at Object.getCodeActions (/snap/code/59/usr/share/code/resources/app/extensions/node_modules/typescript/lib/tsserver.js:143196:28)
    at /snap/code/59/usr/share/code/resources/app/extensions/node_modules/typescript/lib/tsserver.js:135491:77
    at Object.flatMap (/snap/code/59/usr/share/code/resources/app/extensions/node_modules/typescript/lib/tsserver.js:515:25)
    at Object.getFixes (/snap/code/59/usr/share/code/resources/app/extensions/node_modules/typescript/lib/tsserver.js:135491:23)
    at /snap/code/59/usr/share/code/resources/app/extensions/node_modules/typescript/lib/tsserver.js:149557:35
    at Object.flatMap (/snap/code/59/usr/share/code/resources/app/extensions/node_modules/typescript/lib/tsserver.js:515:25)
    at Proxy.getCodeFixesAtPosition (/snap/code/59/usr/share/code/resources/app/extensions/node_modules/typescript/lib/tsserver.js:149555:23)
    at IOSession.Session.getCodeFixes (/snap/code/59/usr/share/code/resources/app/extensions/node_modules/typescript/lib/tsserver.js:160663:64)
    at Session.handlers.ts.Map.ts.getEntries._a.<computed> (/snap/code/59/usr/share/code/resources/app/extensions/node_modules/typescript/lib/tsserver.js:159335:61)
    at /snap/code/59/usr/share/code/resources/app/extensions/node_modules/typescript/lib/tsserver.js:160963:88
    at IOSession.Session.executeWithRequestId (/snap/code/59/usr/share/code/resources/app/extensions/node_modules/typescript/lib/tsserver.js:160954:28)
    at IOSession.Session.executeCommand (/snap/code/59/usr/share/code/resources/app/extensions/node_modules/typescript/lib/tsserver.js:160963:33)
    at IOSession.Session.onMessage (/snap/code/59/usr/share/code/resources/app/extensions/node_modules/typescript/lib/tsserver.js:160989:35)
    at Interface.<anonymous> (/snap/code/59/usr/share/code/resources/app/extensions/node_modules/typescript/lib/tsserver.js:163650:31)
    at Interface.emit (events.js:315:20)
    at Interface._onLine (readline.js:329:10)
    at Interface._normalWrite (readline.js:474:12)
    at Socket.ondata (readline.js:186:10)
    at Socket.emit (events.js:315:20)
    at addChunk (_stream_readable.js:295:12)
    at readableAddChunk (_stream_readable.js:271:9)
    at Socket.Readable.push (_stream_readable.js:212:10)
    at Pipe.onStreamRead (internal/stream_base_commons.js:186:23)
	at Function.create (/snap/code/59/usr/share/code/resources/app/extensions/typescript-language-features/dist/extension.js:1:53151)
	at p.dispatchResponse (/snap/code/59/usr/share/code/resources/app/extensions/typescript-language-features/dist/extension.js:1:47026)
	at p.dispatchMessage (/snap/code/59/usr/share/code/resources/app/extensions/typescript-language-features/dist/extension.js:1:45885)
	at /snap/code/59/usr/share/code/resources/app/extensions/typescript-language-features/dist/extension.js:1:45395
	at g.fire (/snap/code/59/usr/share/code/resources/app/out/vs/workbench/services/extensions/node/extensionHostProcess.js:57:1836)
	at g.onLengthData (/snap/code/59/usr/share/code/resources/app/extensions/typescript-language-features/dist/extension.js:45:60030)
	at Socket.<anonymous> (/snap/code/59/usr/share/code/resources/app/extensions/typescript-language-features/dist/extension.js:45:59678)
	at Socket.emit (events.js:315:20)
	at addChunk (_stream_readable.js:295:12)
	at readableAddChunk (_stream_readable.js:271:9)
	at Socket.Readable.push (_stream_readable.js:212:10)
	at Pipe.onStreamRead (internal/stream_base_commons.js:186:23)
[2021-03-17 16:39:39.991] [renderer1] [error] <semantic> TypeScript Server Error (4.2.3)
Debug Failure. Did not expect JsxSelfClosingElement to have an Identifier in its trivia
Error: Debug Failure. Did not expect JsxSelfClosingElement to have an Identifier in its trivia
    at addSyntheticNodes (/snap/code/59/usr/share/code/resources/app/extensions/node_modules/typescript/lib/tsserver.js:148121:30)
    at createChildren (/snap/code/59/usr/share/code/resources/app/extensions/node_modules/typescript/lib/tsserver.js:148110:9)
    at NodeObject.getChildren (/snap/code/59/usr/share/code/resources/app/extensions/node_modules/typescript/lib/tsserver.js:148054:56)
    at getTokenAtPositionWorker (/snap/code/59/usr/share/code/resources/app/extensions/node_modules/typescript/lib/tsserver.js:115852:43)
    at getTouchingToken (/snap/code/59/usr/share/code/resources/app/extensions/node_modules/typescript/lib/tsserver.js:115839:16)
    at Object.getTouchingPropertyName (/snap/code/59/usr/share/code/resources/app/extensions/node_modules/typescript/lib/tsserver.js:115831:16)
    at Proxy.getQuickInfoAtPosition (/snap/code/59/usr/share/code/resources/app/extensions/node_modules/typescript/lib/tsserver.js:149250:27)
    at IOSession.Session.getQuickInfoWorker (/snap/code/59/usr/share/code/resources/app/extensions/node_modules/typescript/lib/tsserver.js:160226:62)
    at Session.handlers.ts.Map.ts.getEntries._a.<computed> (/snap/code/59/usr/share/code/resources/app/extensions/node_modules/typescript/lib/tsserver.js:159154:61)
    at /snap/code/59/usr/share/code/resources/app/extensions/node_modules/typescript/lib/tsserver.js:160963:88
    at IOSession.Session.executeWithRequestId (/snap/code/59/usr/share/code/resources/app/extensions/node_modules/typescript/lib/tsserver.js:160954:28)
    at IOSession.Session.executeCommand (/snap/code/59/usr/share/code/resources/app/extensions/node_modules/typescript/lib/tsserver.js:160963:33)
    at IOSession.Session.onMessage (/snap/code/59/usr/share/code/resources/app/extensions/node_modules/typescript/lib/tsserver.js:160989:35)
    at Interface.<anonymous> (/snap/code/59/usr/share/code/resources/app/extensions/node_modules/typescript/lib/tsserver.js:163650:31)
    at Interface.emit (events.js:315:20)
    at Interface._onLine (readline.js:329:10)
    at Interface._normalWrite (readline.js:474:12)
    at Socket.ondata (readline.js:186:10)
    at Socket.emit (events.js:315:20)
    at addChunk (_stream_readable.js:295:12)
    at readableAddChunk (_stream_readable.js:271:9)
    at Socket.Readable.push (_stream_readable.js:212:10)
    at Pipe.onStreamRead (internal/stream_base_commons.js:186:23): Error: <semantic> TypeScript Server Error (4.2.3)
Debug Failure. Did not expect JsxSelfClosingElement to have an Identifier in its trivia
Error: Debug Failure. Did not expect JsxSelfClosingElement to have an Identifier in its trivia
    at addSyntheticNodes (/snap/code/59/usr/share/code/resources/app/extensions/node_modules/typescript/lib/tsserver.js:148121:30)
    at createChildren (/snap/code/59/usr/share/code/resources/app/extensions/node_modules/typescript/lib/tsserver.js:148110:9)
    at NodeObject.getChildren (/snap/code/59/usr/share/code/resources/app/extensions/node_modules/typescript/lib/tsserver.js:148054:56)
    at getTokenAtPositionWorker (/snap/code/59/usr/share/code/resources/app/extensions/node_modules/typescript/lib/tsserver.js:115852:43)
    at getTouchingToken (/snap/code/59/usr/share/code/resources/app/extensions/node_modules/typescript/lib/tsserver.js:115839:16)
    at Object.getTouchingPropertyName (/snap/code/59/usr/share/code/resources/app/extensions/node_modules/typescript/lib/tsserver.js:115831:16)
    at Proxy.getQuickInfoAtPosition (/snap/code/59/usr/share/code/resources/app/extensions/node_modules/typescript/lib/tsserver.js:149250:27)
    at IOSession.Session.getQuickInfoWorker (/snap/code/59/usr/share/code/resources/app/extensions/node_modules/typescript/lib/tsserver.js:160226:62)
    at Session.handlers.ts.Map.ts.getEntries._a.<computed> (/snap/code/59/usr/share/code/resources/app/extensions/node_modules/typescript/lib/tsserver.js:159154:61)
    at /snap/code/59/usr/share/code/resources/app/extensions/node_modules/typescript/lib/tsserver.js:160963:88
    at IOSession.Session.executeWithRequestId (/snap/code/59/usr/share/code/resources/app/extensions/node_modules/typescript/lib/tsserver.js:160954:28)
    at IOSession.Session.executeCommand (/snap/code/59/usr/share/code/resources/app/extensions/node_modules/typescript/lib/tsserver.js:160963:33)
    at IOSession.Session.onMessage (/snap/code/59/usr/share/code/resources/app/extensions/node_modules/typescript/lib/tsserver.js:160989:35)
    at Interface.<anonymous> (/snap/code/59/usr/share/code/resources/app/extensions/node_modules/typescript/lib/tsserver.js:163650:31)
    at Interface.emit (events.js:315:20)
    at Interface._onLine (readline.js:329:10)
    at Interface._normalWrite (readline.js:474:12)
    at Socket.ondata (readline.js:186:10)
    at Socket.emit (events.js:315:20)
    at addChunk (_stream_readable.js:295:12)
    at readableAddChunk (_stream_readable.js:271:9)
    at Socket.Readable.push (_stream_readable.js:212:10)
    at Pipe.onStreamRead (internal/stream_base_commons.js:186:23)
	at Function.create (/snap/code/59/usr/share/code/resources/app/extensions/typescript-language-features/dist/extension.js:1:53151)
	at p.dispatchResponse (/snap/code/59/usr/share/code/resources/app/extensions/typescript-language-features/dist/extension.js:1:47026)
	at p.dispatchMessage (/snap/code/59/usr/share/code/resources/app/extensions/typescript-language-features/dist/extension.js:1:45885)
	at /snap/code/59/usr/share/code/resources/app/extensions/typescript-language-features/dist/extension.js:1:45395
	at g.fire (/snap/code/59/usr/share/code/resources/app/out/vs/workbench/services/extensions/node/extensionHostProcess.js:57:1836)
	at g.onLengthData (/snap/code/59/usr/share/code/resources/app/extensions/typescript-language-features/dist/extension.js:45:60030)
	at Socket.<anonymous> (/snap/code/59/usr/share/code/resources/app/extensions/typescript-language-features/dist/extension.js:45:59678)
	at Socket.emit (events.js:315:20)
	at addChunk (_stream_readable.js:295:12)
	at readableAddChunk (_stream_readable.js:271:9)
	at Socket.Readable.push (_stream_readable.js:212:10)
	at Pipe.onStreamRead (internal/stream_base_commons.js:186:23)
[2021-03-17 16:39:41.347] [renderer1] [error] <semantic> TypeScript Server Error (4.2.3)
Debug Failure. Did not expect JsxSelfClosingElement to have an Identifier in its trivia
Error: Debug Failure. Did not expect JsxSelfClosingElement to have an Identifier in its trivia
    at addSyntheticNodes (/snap/code/59/usr/share/code/resources/app/extensions/node_modules/typescript/lib/tsserver.js:148121:30)
    at createChildren (/snap/code/59/usr/share/code/resources/app/extensions/node_modules/typescript/lib/tsserver.js:148110:9)
    at NodeObject.getChildren (/snap/code/59/usr/share/code/resources/app/extensions/node_modules/typescript/lib/tsserver.js:148054:56)
    at getTokenAtPositionWorker (/snap/code/59/usr/share/code/resources/app/extensions/node_modules/typescript/lib/tsserver.js:115852:43)
    at Object.getTokenAtPosition (/snap/code/59/usr/share/code/resources/app/extensions/node_modules/typescript/lib/tsserver.js:115844:16)
    at getInfo (/snap/code/59/usr/share/code/resources/app/extensions/node_modules/typescript/lib/tsserver.js:143360:28)
    at Object.getAvailableActions (/snap/code/59/usr/share/code/resources/app/extensions/node_modules/typescript/lib/tsserver.js:143330:28)
    at /snap/code/59/usr/share/code/resources/app/extensions/node_modules/typescript/lib/tsserver.js:135546:30
    at getIterator (/snap/code/59/usr/share/code/resources/app/extensions/node_modules/typescript/lib/tsserver.js:569:23)
    at Object.flatMapIterator (/snap/code/59/usr/share/code/resources/app/extensions/node_modules/typescript/lib/tsserver.js:552:27)
    at Object.getApplicableRefactors (/snap/code/59/usr/share/code/resources/app/extensions/node_modules/typescript/lib/tsserver.js:135542:36)
    at Proxy.getApplicableRefactors (/snap/code/59/usr/share/code/resources/app/extensions/node_modules/typescript/lib/tsserver.js:149999:32)
    at IOSession.Session.getApplicableRefactors (/snap/code/59/usr/share/code/resources/app/extensions/node_modules/typescript/lib/tsserver.js:160613:53)
    at Session.handlers.ts.Map.ts.getEntries._a.<computed> (/snap/code/59/usr/share/code/resources/app/extensions/node_modules/typescript/lib/tsserver.js:159353:61)
    at /snap/code/59/usr/share/code/resources/app/extensions/node_modules/typescript/lib/tsserver.js:160963:88
    at IOSession.Session.executeWithRequestId (/snap/code/59/usr/share/code/resources/app/extensions/node_modules/typescript/lib/tsserver.js:160954:28)
    at IOSession.Session.executeCommand (/snap/code/59/usr/share/code/resources/app/extensions/node_modules/typescript/lib/tsserver.js:160963:33)
    at IOSession.Session.onMessage (/snap/code/59/usr/share/code/resources/app/extensions/node_modules/typescript/lib/tsserver.js:160989:35)
    at Interface.<anonymous> (/snap/code/59/usr/share/code/resources/app/extensions/node_modules/typescript/lib/tsserver.js:163650:31)
    at Interface.emit (events.js:315:20)
    at Interface._onLine (readline.js:329:10)
    at Interface._normalWrite (readline.js:474:12)
    at Socket.ondata (readline.js:186:10)
    at Socket.emit (events.js:315:20)
    at addChunk (_stream_readable.js:295:12)
    at readableAddChunk (_stream_readable.js:271:9)
    at Socket.Readable.push (_stream_readable.js:212:10)
    at Pipe.onStreamRead (internal/stream_base_commons.js:186:23): Error: <semantic> TypeScript Server Error (4.2.3)
Debug Failure. Did not expect JsxSelfClosingElement to have an Identifier in its trivia
Error: Debug Failure. Did not expect JsxSelfClosingElement to have an Identifier in its trivia
    at addSyntheticNodes (/snap/code/59/usr/share/code/resources/app/extensions/node_modules/typescript/lib/tsserver.js:148121:30)
    at createChildren (/snap/code/59/usr/share/code/resources/app/extensions/node_modules/typescript/lib/tsserver.js:148110:9)
    at NodeObject.getChildren (/snap/code/59/usr/share/code/resources/app/extensions/node_modules/typescript/lib/tsserver.js:148054:56)
    at getTokenAtPositionWorker (/snap/code/59/usr/share/code/resources/app/extensions/node_modules/typescript/lib/tsserver.js:115852:43)
    at Object.getTokenAtPosition (/snap/code/59/usr/share/code/resources/app/extensions/node_modules/typescript/lib/tsserver.js:115844:16)
    at getInfo (/snap/code/59/usr/share/code/resources/app/extensions/node_modules/typescript/lib/tsserver.js:143360:28)
    at Object.getAvailableActions (/snap/code/59/usr/share/code/resources/app/extensions/node_modules/typescript/lib/tsserver.js:143330:28)
    at /snap/code/59/usr/share/code/resources/app/extensions/node_modules/typescript/lib/tsserver.js:135546:30
    at getIterator (/snap/code/59/usr/share/code/resources/app/extensions/node_modules/typescript/lib/tsserver.js:569:23)
    at Object.flatMapIterator (/snap/code/59/usr/share/code/resources/app/extensions/node_modules/typescript/lib/tsserver.js:552:27)
    at Object.getApplicableRefactors (/snap/code/59/usr/share/code/resources/app/extensions/node_modules/typescript/lib/tsserver.js:135542:36)
    at Proxy.getApplicableRefactors (/snap/code/59/usr/share/code/resources/app/extensions/node_modules/typescript/lib/tsserver.js:149999:32)
    at IOSession.Session.getApplicableRefactors (/snap/code/59/usr/share/code/resources/app/extensions/node_modules/typescript/lib/tsserver.js:160613:53)
    at Session.handlers.ts.Map.ts.getEntries._a.<computed> (/snap/code/59/usr/share/code/resources/app/extensions/node_modules/typescript/lib/tsserver.js:159353:61)
    at /snap/code/59/usr/share/code/resources/app/extensions/node_modules/typescript/lib/tsserver.js:160963:88
    at IOSession.Session.executeWithRequestId (/snap/code/59/usr/share/code/resources/app/extensions/node_modules/typescript/lib/tsserver.js:160954:28)
    at IOSession.Session.executeCommand (/snap/code/59/usr/share/code/resources/app/extensions/node_modules/typescript/lib/tsserver.js:160963:33)
    at IOSession.Session.onMessage (/snap/code/59/usr/share/code/resources/app/extensions/node_modules/typescript/lib/tsserver.js:160989:35)
    at Interface.<anonymous> (/snap/code/59/usr/share/code/resources/app/extensions/node_modules/typescript/lib/tsserver.js:163650:31)
    at Interface.emit (events.js:315:20)
    at Interface._onLine (readline.js:329:10)
    at Interface._normalWrite (readline.js:474:12)
    at Socket.ondata (readline.js:186:10)
    at Socket.emit (events.js:315:20)
    at addChunk (_stream_readable.js:295:12)
    at readableAddChunk (_stream_readable.js:271:9)
    at Socket.Readable.push (_stream_readable.js:212:10)
    at Pipe.onStreamRead (internal/stream_base_commons.js:186:23)
	at Function.create (/snap/code/59/usr/share/code/resources/app/extensions/typescript-language-features/dist/extension.js:1:53151)
	at p.dispatchResponse (/snap/code/59/usr/share/code/resources/app/extensions/typescript-language-features/dist/extension.js:1:47026)
	at p.dispatchMessage (/snap/code/59/usr/share/code/resources/app/extensions/typescript-language-features/dist/extension.js:1:45885)
	at /snap/code/59/usr/share/code/resources/app/extensions/typescript-language-features/dist/extension.js:1:45395
	at g.fire (/snap/code/59/usr/share/code/resources/app/out/vs/workbench/services/extensions/node/extensionHostProcess.js:57:1836)
	at g.onLengthData (/snap/code/59/usr/share/code/resources/app/extensions/typescript-language-features/dist/extension.js:45:60030)
	at Socket.<anonymous> (/snap/code/59/usr/share/code/resources/app/extensions/typescript-language-features/dist/extension.js:45:59678)
	at Socket.emit (events.js:315:20)
	at addChunk (_stream_readable.js:295:12)
	at readableAddChunk (_stream_readable.js:271:9)
	at Socket.Readable.push (_stream_readable.js:212:10)
	at Pipe.onStreamRead (internal/stream_base_commons.js:186:23)
[2021-03-17 16:39:44.848] [renderer1] [error] <semantic> TypeScript Server Error (4.2.3)
Debug Failure. Did not expect JsxSelfClosingElement to have an Identifier in its trivia
Error: Debug Failure. Did not expect JsxSelfClosingElement to have an Identifier in its trivia
    at addSyntheticNodes (/snap/code/59/usr/share/code/resources/app/extensions/node_modules/typescript/lib/tsserver.js:148121:30)
    at createChildren (/snap/code/59/usr/share/code/resources/app/extensions/node_modules/typescript/lib/tsserver.js:148110:9)
    at NodeObject.getChildren (/snap/code/59/usr/share/code/resources/app/extensions/node_modules/typescript/lib/tsserver.js:148054:56)
    at getTokenAtPositionWorker (/snap/code/59/usr/share/code/resources/app/extensions/node_modules/typescript/lib/tsserver.js:115852:43)
    at Object.getTokenAtPosition (/snap/code/59/usr/share/code/resources/app/extensions/node_modules/typescript/lib/tsserver.js:115844:16)
    at getInfo (/snap/code/59/usr/share/code/resources/app/extensions/node_modules/typescript/lib/tsserver.js:143360:28)
    at Object.getAvailableActions (/snap/code/59/usr/share/code/resources/app/extensions/node_modules/typescript/lib/tsserver.js:143330:28)
    at /snap/code/59/usr/share/code/resources/app/extensions/node_modules/typescript/lib/tsserver.js:135546:30
    at getIterator (/snap/code/59/usr/share/code/resources/app/extensions/node_modules/typescript/lib/tsserver.js:569:23)
    at Object.flatMapIterator (/snap/code/59/usr/share/code/resources/app/extensions/node_modules/typescript/lib/tsserver.js:552:27)
    at Object.getApplicableRefactors (/snap/code/59/usr/share/code/resources/app/extensions/node_modules/typescript/lib/tsserver.js:135542:36)
    at Proxy.getApplicableRefactors (/snap/code/59/usr/share/code/resources/app/extensions/node_modules/typescript/lib/tsserver.js:149999:32)
    at IOSession.Session.getApplicableRefactors (/snap/code/59/usr/share/code/resources/app/extensions/node_modules/typescript/lib/tsserver.js:160613:53)
    at Session.handlers.ts.Map.ts.getEntries._a.<computed> (/snap/code/59/usr/share/code/resources/app/extensions/node_modules/typescript/lib/tsserver.js:159353:61)
    at /snap/code/59/usr/share/code/resources/app/extensions/node_modules/typescript/lib/tsserver.js:160963:88
    at IOSession.Session.executeWithRequestId (/snap/code/59/usr/share/code/resources/app/extensions/node_modules/typescript/lib/tsserver.js:160954:28)
    at IOSession.Session.executeCommand (/snap/code/59/usr/share/code/resources/app/extensions/node_modules/typescript/lib/tsserver.js:160963:33)
    at IOSession.Session.onMessage (/snap/code/59/usr/share/code/resources/app/extensions/node_modules/typescript/lib/tsserver.js:160989:35)
    at Interface.<anonymous> (/snap/code/59/usr/share/code/resources/app/extensions/node_modules/typescript/lib/tsserver.js:163650:31)
    at Interface.emit (events.js:315:20)
    at Interface._onLine (readline.js:329:10)
    at Interface._normalWrite (readline.js:474:12)
    at Socket.ondata (readline.js:186:10)
    at Socket.emit (events.js:315:20)
    at addChunk (_stream_readable.js:295:12)
    at readableAddChunk (_stream_readable.js:271:9)
    at Socket.Readable.push (_stream_readable.js:212:10)
    at Pipe.onStreamRead (internal/stream_base_commons.js:186:23): Error: <semantic> TypeScript Server Error (4.2.3)
Debug Failure. Did not expect JsxSelfClosingElement to have an Identifier in its trivia
Error: Debug Failure. Did not expect JsxSelfClosingElement to have an Identifier in its trivia
    at addSyntheticNodes (/snap/code/59/usr/share/code/resources/app/extensions/node_modules/typescript/lib/tsserver.js:148121:30)
    at createChildren (/snap/code/59/usr/share/code/resources/app/extensions/node_modules/typescript/lib/tsserver.js:148110:9)
    at NodeObject.getChildren (/snap/code/59/usr/share/code/resources/app/extensions/node_modules/typescript/lib/tsserver.js:148054:56)
    at getTokenAtPositionWorker (/snap/code/59/usr/share/code/resources/app/extensions/node_modules/typescript/lib/tsserver.js:115852:43)
    at Object.getTokenAtPosition (/snap/code/59/usr/share/code/resources/app/extensions/node_modules/typescript/lib/tsserver.js:115844:16)
    at getInfo (/snap/code/59/usr/share/code/resources/app/extensions/node_modules/typescript/lib/tsserver.js:143360:28)
    at Object.getAvailableActions (/snap/code/59/usr/share/code/resources/app/extensions/node_modules/typescript/lib/tsserver.js:143330:28)
    at /snap/code/59/usr/share/code/resources/app/extensions/node_modules/typescript/lib/tsserver.js:135546:30
    at getIterator (/snap/code/59/usr/share/code/resources/app/extensions/node_modules/typescript/lib/tsserver.js:569:23)
    at Object.flatMapIterator (/snap/code/59/usr/share/code/resources/app/extensions/node_modules/typescript/lib/tsserver.js:552:27)
    at Object.getApplicableRefactors (/snap/code/59/usr/share/code/resources/app/extensions/node_modules/typescript/lib/tsserver.js:135542:36)
    at Proxy.getApplicableRefactors (/snap/code/59/usr/share/code/resources/app/extensions/node_modules/typescript/lib/tsserver.js:149999:32)
    at IOSession.Session.getApplicableRefactors (/snap/code/59/usr/share/code/resources/app/extensions/node_modules/typescript/lib/tsserver.js:160613:53)
    at Session.handlers.ts.Map.ts.getEntries._a.<computed> (/snap/code/59/usr/share/code/resources/app/extensions/node_modules/typescript/lib/tsserver.js:159353:61)
    at /snap/code/59/usr/share/code/resources/app/extensions/node_modules/typescript/lib/tsserver.js:160963:88
    at IOSession.Session.executeWithRequestId (/snap/code/59/usr/share/code/resources/app/extensions/node_modules/typescript/lib/tsserver.js:160954:28)
    at IOSession.Session.executeCommand (/snap/code/59/usr/share/code/resources/app/extensions/node_modules/typescript/lib/tsserver.js:160963:33)
    at IOSession.Session.onMessage (/snap/code/59/usr/share/code/resources/app/extensions/node_modules/typescript/lib/tsserver.js:160989:35)
    at Interface.<anonymous> (/snap/code/59/usr/share/code/resources/app/extensions/node_modules/typescript/lib/tsserver.js:163650:31)
    at Interface.emit (events.js:315:20)
    at Interface._onLine (readline.js:329:10)
    at Interface._normalWrite (readline.js:474:12)
    at Socket.ondata (readline.js:186:10)
    at Socket.emit (events.js:315:20)
    at addChunk (_stream_readable.js:295:12)
    at readableAddChunk (_stream_readable.js:271:9)
    at Socket.Readable.push (_stream_readable.js:212:10)
    at Pipe.onStreamRead (internal/stream_base_commons.js:186:23)
	at Function.create (/snap/code/59/usr/share/code/resources/app/extensions/typescript-language-features/dist/extension.js:1:53151)
	at p.dispatchResponse (/snap/code/59/usr/share/code/resources/app/extensions/typescript-language-features/dist/extension.js:1:47026)
	at p.dispatchMessage (/snap/code/59/usr/share/code/resources/app/extensions/typescript-language-features/dist/extension.js:1:45885)
	at /snap/code/59/usr/share/code/resources/app/extensions/typescript-language-features/dist/extension.js:1:45395
	at g.fire (/snap/code/59/usr/share/code/resources/app/out/vs/workbench/services/extensions/node/extensionHostProcess.js:57:1836)
	at g.onLengthData (/snap/code/59/usr/share/code/resources/app/extensions/typescript-language-features/dist/extension.js:45:60030)
	at Socket.<anonymous> (/snap/code/59/usr/share/code/resources/app/extensions/typescript-language-features/dist/extension.js:45:59678)
	at Socket.emit (events.js:315:20)
	at addChunk (_stream_readable.js:295:12)
	at readableAddChunk (_stream_readable.js:271:9)
	at Socket.Readable.push (_stream_readable.js:212:10)
	at Pipe.onStreamRead (internal/stream_base_commons.js:186:23)
[2021-03-17 16:39:46.886] [renderer1] [error] <semantic> TypeScript Server Error (4.2.3)
Debug Failure. Did not expect JsxSelfClosingElement to have an Identifier in its trivia
Error: Debug Failure. Did not expect JsxSelfClosingElement to have an Identifier in its trivia
    at addSyntheticNodes (/snap/code/59/usr/share/code/resources/app/extensions/node_modules/typescript/lib/tsserver.js:148121:30)
    at createChildren (/snap/code/59/usr/share/code/resources/app/extensions/node_modules/typescript/lib/tsserver.js:148110:9)
    at NodeObject.getChildren (/snap/code/59/usr/share/code/resources/app/extensions/node_modules/typescript/lib/tsserver.js:148054:56)
    at getTokenAtPositionWorker (/snap/code/59/usr/share/code/resources/app/extensions/node_modules/typescript/lib/tsserver.js:115852:43)
    at Object.getTokenAtPosition (/snap/code/59/usr/share/code/resources/app/extensions/node_modules/typescript/lib/tsserver.js:115844:16)
    at getInfo (/snap/code/59/usr/share/code/resources/app/extensions/node_modules/typescript/lib/tsserver.js:143360:28)
    at Object.getAvailableActions (/snap/code/59/usr/share/code/resources/app/extensions/node_modules/typescript/lib/tsserver.js:143330:28)
    at /snap/code/59/usr/share/code/resources/app/extensions/node_modules/typescript/lib/tsserver.js:135546:30
    at getIterator (/snap/code/59/usr/share/code/resources/app/extensions/node_modules/typescript/lib/tsserver.js:569:23)
    at Object.flatMapIterator (/snap/code/59/usr/share/code/resources/app/extensions/node_modules/typescript/lib/tsserver.js:552:27)
    at Object.getApplicableRefactors (/snap/code/59/usr/share/code/resources/app/extensions/node_modules/typescript/lib/tsserver.js:135542:36)
    at Proxy.getApplicableRefactors (/snap/code/59/usr/share/code/resources/app/extensions/node_modules/typescript/lib/tsserver.js:149999:32)
    at IOSession.Session.getApplicableRefactors (/snap/code/59/usr/share/code/resources/app/extensions/node_modules/typescript/lib/tsserver.js:160613:53)
    at Session.handlers.ts.Map.ts.getEntries._a.<computed> (/snap/code/59/usr/share/code/resources/app/extensions/node_modules/typescript/lib/tsserver.js:159353:61)
    at /snap/code/59/usr/share/code/resources/app/extensions/node_modules/typescript/lib/tsserver.js:160963:88
    at IOSession.Session.executeWithRequestId (/snap/code/59/usr/share/code/resources/app/extensions/node_modules/typescript/lib/tsserver.js:160954:28)
    at IOSession.Session.executeCommand (/snap/code/59/usr/share/code/resources/app/extensions/node_modules/typescript/lib/tsserver.js:160963:33)
    at IOSession.Session.onMessage (/snap/code/59/usr/share/code/resources/app/extensions/node_modules/typescript/lib/tsserver.js:160989:35)
    at Interface.<anonymous> (/snap/code/59/usr/share/code/resources/app/extensions/node_modules/typescript/lib/tsserver.js:163650:31)
    at Interface.emit (events.js:315:20)
    at Interface._onLine (readline.js:329:10)
    at Interface._normalWrite (readline.js:474:12)
    at Socket.ondata (readline.js:186:10)
    at Socket.emit (events.js:315:20)
    at addChunk (_stream_readable.js:295:12)
    at readableAddChunk (_stream_readable.js:271:9)
    at Socket.Readable.push (_stream_readable.js:212:10)
    at Pipe.onStreamRead (internal/stream_base_commons.js:186:23): Error: <semantic> TypeScript Server Error (4.2.3)
Debug Failure. Did not expect JsxSelfClosingElement to have an Identifier in its trivia
Error: Debug Failure. Did not expect JsxSelfClosingElement to have an Identifier in its trivia
    at addSyntheticNodes (/snap/code/59/usr/share/code/resources/app/extensions/node_modules/typescript/lib/tsserver.js:148121:30)
    at createChildren (/snap/code/59/usr/share/code/resources/app/extensions/node_modules/typescript/lib/tsserver.js:148110:9)
    at NodeObject.getChildren (/snap/code/59/usr/share/code/resources/app/extensions/node_modules/typescript/lib/tsserver.js:148054:56)
    at getTokenAtPositionWorker (/snap/code/59/usr/share/code/resources/app/extensions/node_modules/typescript/lib/tsserver.js:115852:43)
    at Object.getTokenAtPosition (/snap/code/59/usr/share/code/resources/app/extensions/node_modules/typescript/lib/tsserver.js:115844:16)
    at getInfo (/snap/code/59/usr/share/code/resources/app/extensions/node_modules/typescript/lib/tsserver.js:143360:28)
    at Object.getAvailableActions (/snap/code/59/usr/share/code/resources/app/extensions/node_modules/typescript/lib/tsserver.js:143330:28)
    at /snap/code/59/usr/share/code/resources/app/extensions/node_modules/typescript/lib/tsserver.js:135546:30
    at getIterator (/snap/code/59/usr/share/code/resources/app/extensions/node_modules/typescript/lib/tsserver.js:569:23)
    at Object.flatMapIterator (/snap/code/59/usr/share/code/resources/app/extensions/node_modules/typescript/lib/tsserver.js:552:27)
    at Object.getApplicableRefactors (/snap/code/59/usr/share/code/resources/app/extensions/node_modules/typescript/lib/tsserver.js:135542:36)
    at Proxy.getApplicableRefactors (/snap/code/59/usr/share/code/resources/app/extensions/node_modules/typescript/lib/tsserver.js:149999:32)
    at IOSession.Session.getApplicableRefactors (/snap/code/59/usr/share/code/resources/app/extensions/node_modules/typescript/lib/tsserver.js:160613:53)
    at Session.handlers.ts.Map.ts.getEntries._a.<computed> (/snap/code/59/usr/share/code/resources/app/extensions/node_modules/typescript/lib/tsserver.js:159353:61)
    at /snap/code/59/usr/share/code/resources/app/extensions/node_modules/typescript/lib/tsserver.js:160963:88
    at IOSession.Session.executeWithRequestId (/snap/code/59/usr/share/code/resources/app/extensions/node_modules/typescript/lib/tsserver.js:160954:28)
    at IOSession.Session.executeCommand (/snap/code/59/usr/share/code/resources/app/extensions/node_modules/typescript/lib/tsserver.js:160963:33)
    at IOSession.Session.onMessage (/snap/code/59/usr/share/code/resources/app/extensions/node_modules/typescript/lib/tsserver.js:160989:35)
    at Interface.<anonymous> (/snap/code/59/usr/share/code/resources/app/extensions/node_modules/typescript/lib/tsserver.js:163650:31)
    at Interface.emit (events.js:315:20)
    at Interface._onLine (readline.js:329:10)
    at Interface._normalWrite (readline.js:474:12)
    at Socket.ondata (readline.js:186:10)
    at Socket.emit (events.js:315:20)
    at addChunk (_stream_readable.js:295:12)
    at readableAddChunk (_stream_readable.js:271:9)
    at Socket.Readable.push (_stream_readable.js:212:10)
    at Pipe.onStreamRead (internal/stream_base_commons.js:186:23)
	at Function.create (/snap/code/59/usr/share/code/resources/app/extensions/typescript-language-features/dist/extension.js:1:53151)
	at p.dispatchResponse (/snap/code/59/usr/share/code/resources/app/extensions/typescript-language-features/dist/extension.js:1:47026)
	at p.dispatchMessage (/snap/code/59/usr/share/code/resources/app/extensions/typescript-language-features/dist/extension.js:1:45885)
	at /snap/code/59/usr/share/code/resources/app/extensions/typescript-language-features/dist/extension.js:1:45395
	at g.fire (/snap/code/59/usr/share/code/resources/app/out/vs/workbench/services/extensions/node/extensionHostProcess.js:57:1836)
	at g.onLengthData (/snap/code/59/usr/share/code/resources/app/extensions/typescript-language-features/dist/extension.js:45:60030)
	at Socket.<anonymous> (/snap/code/59/usr/share/code/resources/app/extensions/typescript-language-features/dist/extension.js:45:59678)
	at Socket.emit (events.js:315:20)
	at addChunk (_stream_readable.js:295:12)
	at readableAddChunk (_stream_readable.js:271:9)
	at Socket.Readable.push (_stream_readable.js:212:10)
	at Pipe.onStreamRead (internal/stream_base_commons.js:186:23)
